// Cur/*	*/rent Time = Fri Dec 16 12:22:25 2016 SE Asia Standard Time

Computer Name = MRA
Number of Processors = 4

========== CPUID Info ==========

Processor 0:

Brand = Pentium II Model 5

Family = 6

Model = 5

Stepping = 1



 L1 Instr Cache Size = 0

 L1 Data Cache Size = 0

 L2 Cache Size = 262144

 L3 Cache Size = 0



 Feature flags:



	CPUID 00000001[edx]=0xbfcbfbff:



	fpu	: Processor supported	vme	: Processor supported
	de	: Processor supported	pse	: Processor supported
	msr	: Processor supported	pae	: Processor supported
	mce	: Processor supported	cx8	: Processor supported
	apic	: Processor supported	sep	: Processor supported
	mtrr	: Processor supported	pge	: Processor supported
	mca	: Processor supported	cmov	: Processor supported
	pat	: Processor supported	pse36	: Processor supported
	cflush	: Processor supported	ds	: No processor support
	acpi	: Processor supported	mmx	: Processor supported
	fxsr	: Processor supported	sse1	: Processor supported
	sse2	: Processor supported	ss	: Processor supported
	htt	: Processor supported	tm	: Processor supported
	sbf	: Processor supported






	CPUID 00000001[ecx]=0xfed87383:



	tm2	: Processor supported	est	: Processor supported
	cid	: No processor support	sse3	: Processor supported






	CPUID 80000001[edx]=0x28100800:



	syscall	: Processor supported	nx	: Processor supported
	lm	: Processor supported

========== CPUID Info ==========

Processor 1:

Brand = Pentium II Model 5

Family = 6

Model = 5

Stepping = 1



 L1 Instr Cache Size = 0

 L1 Data Cache Size = 0

 L2 Cache Size = 262144

 L3 Cache Size = 0



 Feature flags:



	CPUID 00000001[edx]=0xbfcbfbff:



	fpu	: Processor supported	vme	: Processor supported
	de	: Processor supported	pse	: Processor supported
	msr	: Processor supported	pae	: Processor supported
	mce	: Processor supported	cx8	: Processor supported
	apic	: Processor supported	sep	: Processor supported
	mtrr	: Processor supported	pge	: Processor supported
	mca	: Processor supported	cmov	: Processor supported
	pat	: Processor supported	pse36	: Processor supported
	cflush	: Processor supported	ds	: No processor support
	acpi	: Processor supported	mmx	: Processor supported
	fxsr	: Processor supported	sse1	: Processor supported
	sse2	: Processor supported	ss	: Processor supported
	htt	: Processor supported	tm	: Processor supported
	sbf	: Processor supported






	CPUID 00000001[ecx]=0xfed87383:



	tm2	: Processor supported	est	: Processor supported
	cid	: No processor support	sse3	: Processor supported






	CPUID 80000001[edx]=0x28100800:



	syscall	: Processor supported	nx	: Processor supported
	lm	: Processor supported

========== CPUID Info ==========

Processor 2:

Brand = Pentium II Model 5

Family = 6

Model = 5

Stepping = 1



 L1 Instr Cache Size = 0

 L1 Data Cache Size = 0

 L2 Cache Size = 262144

 L3 Cache Size = 0



 Feature flags:



	CPUID 00000001[edx]=0xbfcbfbff:



	fpu	: Processor supported	vme	: Processor supported
	de	: Processor supported	pse	: Processor supported
	msr	: Processor supported	pae	: Processor supported
	mce	: Processor supported	cx8	: Processor supported
	apic	: Processor supported	sep	: Processor supported
	mtrr	: Processor supported	pge	: Processor supported
	mca	: Processor supported	cmov	: Processor supported
	pat	: Processor supported	pse36	: Processor supported
	cflush	: Processor supported	ds	: No processor support
	acpi	: Processor supported	mmx	: Processor supported
	fxsr	: Processor supported	sse1	: Processor supported
	sse2	: Processor supported	ss	: Processor supported
	htt	: Processor supported	tm	: Processor supported
	sbf	: Processor supported






	CPUID 00000001[ecx]=0xfed87383:



	tm2	: Processor supported	est	: Processor supported
	cid	: No processor support	sse3	: Processor supported






	CPUID 80000001[edx]=0x28100800:



	syscall	: Processor supported	nx	: Processor supported
	lm	: Processor supported

========== CPUID Info ==========

Processor 3:

Brand = Pentium II Model 5

Family = 6

Model = 5

Stepping = 1



 L1 Instr Cache Size = 0

 L1 Data Cache Size = 0

 L2 Cache Size = 262144

 L3 Cache Size = 0



 Feature flags:



	CPUID 00000001[edx]=0xbfcbfbff:



	fpu	: Processor supported	vme	: Processor supported
	de	: Processor supported	pse	: Processor supported
	msr	: Processor supported	pae	: Processor supported
	mce	: Processor supported	cx8	: Processor supported
	apic	: Processor supported	sep	: Processor supported
	mtrr	: Processor supported	pge	: Processor supported
	mca	: Processor supported	cmov	: Processor supported
	pat	: Processor supported	pse36	: Processor supported
	cflush	: Processor supported	ds	: No processor support
	acpi	: Processor supported	mmx	: Processor supported
	fxsr	: Processor supported	sse1	: Processor supported
	sse2	: Processor supported	ss	: Processor supported
	htt	: Processor supported	tm	: Processor supported
	sbf	: Processor supported






	CPUID 00000001[ecx]=0xfed87383:



	tm2	: Processor supported	est	: Processor supported
	cid	: No processor support	sse3	: Processor supported






	CPUID 80000001[edx]=0x28100800:



	syscall	: Processor supported	nx	: Processor supported
	lm	: Processor supported

========== Operating System Information ==========

Microsoft  , Build 9200
========== Motherboard Information ==========

Motherboard Vendor:	Not reported
Motherboard Version:	Not reported
Motherboard Model:	Not reported

========== DirectX version Information ==========

DirectX 11.0 (6.3.9600.16384)

========== Driver Version Information ==========

Nforce Driver Package version	Not reported
Audio Driver		Not reported
GART Driver		Not reported
Graphics Driver		376.19 (21.21.13.7619)
Ethernet Driver		Not reported
IDE Driver		Not reported
nTune	6.05.30

========== Processor, Bus, and Memory Speed Information ==========

CPU Speed = 4782.644
CPU Multiplier = 1.000   
FSB Frequency = 0
Memory Frequency = 0.000   
AGP Frequency = 0

========== GeForce Information ==========

GPU 1: GeForce 820M
GPU 1 Video BIOS version: 75.17.7c.00.0e

========== GPU's Core and Memory Speed Information ==========


GPU Core Speed = 732
GPU Memory Speed = 900

GPU Shader Clock Speed = 1464

========== System Voltage Information ==========


========== Processor and System's Temperature Information ==========

CPU Temperature = Not Reported
System Temperature = Not Reported
GPU 0 Temperature = 54 C

========== Memory SPD Information ==========

Memory Dimm 0 (0x50)	Memory not present
Memory Dimm 1 (0x51)	Memory not present
Memory Dimm 2 (0x52)	Memory not present
Memory Dimm 3 (0x53)	Memory not present
Memory Dimm 4 (0x54)	Memory not present
Memory Dimm 5 (0x55)	Memory not present
Memory Dimm 6 (0x56)	Memory not present
Memory Dimm 7 (0x57)	Memory not present
========== NVIDIA PCI Device Information ==========


NVIDIA Device At PCI Bus 0x4 Device 0x0 Function 0x0:
	Vendor ID = 0x10de     DeviceID = 0x1140

	PCI Config Space Register Value for This Device

	PCI Address     Reg Value
	0x80040000     0x114010de
	0x80040004     0x00100007
	0x80040008     0x030200a1
	0x8004000c     0x00000010
	0x80040010     0xf6000000
	0x80040014     0xe000000c
	0x80040018     0x00000000
	0x8004001c     0xf000000c
	0x80040020     0x00000000
	0x80040024     0x0000d001
	0x80040028     0x00000000
	0x8004002c     0x228a1043
	0x80040030     0x00000000
	0x80040034     0x00000060
	0x80040038     0x00000000
	0x8004003c     0x00000110
	0x80040040     0x228a1043
	0x80040044     0x00000000
	0x80040048     0x00000000
	0x8004004c     0x00000000
	0x80040050     0x00000001
	0x80040054     0x00000001
	0x80040058     0x0023d6ce
	0x8004005c     0x00000000
	0x80040060     0x00036801
	0x80040064     0x00000008
	0x80040068     0x00807805
	0x8004006c     0x00000000
	0x80040070     0x00000000
	0x80040074     0x00000000
	0x80040078     0x0002b410
	0x8004007c     0x07e88de1
	0x80040080     0x00002910
	0x80040084     0x00453c82
	0x80040088     0x10420140
	0x8004008c     0x00000000
	0x80040090     0x00000000
	0x80040094     0x00000000
	0x80040098     0x00000000
	0x8004009c     0x00000013
	0x800400a0     0x00000000
	0x800400a4     0x00000000
	0x800400a8     0x00000002
	0x800400ac     0x00000000
	0x800400b0     0x00000000
	0x800400b4     0x01140009
	0x800400b8     0x00000000
	0x800400bc     0x00000000
	0x800400c0     0x00000000
	0x800400c4     0x00000000
	0x800400c8     0x00000000
	0x800400cc     0x00000000
	0x800400d0     0x00000000
	0x800400d4     0x00000000
	0x800400d8     0x00000000
	0x800400dc     0x00000000
	0x800400e0     0x00000000
	0x800400e4     0x00000000
	0x800400e8     0x00000000
	0x800400ec     0x00000000
	0x800400f0     0x00000000
	0x800400f4     0x00000000
	0x800400f8     0x00000000
	0x800400fc     0x00000000

========== Other PCI Device Information ==========


Device At PCI Bus 0x0 Device 0x0 Function 0x0:
	Vendor ID = 0x8086     DeviceID = 0x0a04

Device At PCI Bus 0x0 Device 0x2 Function 0x0:
	Vendor ID = 0x8086     DeviceID = 0x0a16

Device At PCI Bus 0x0 Device 0x3 Function 0x0:
	Vendor ID = 0x8086     DeviceID = 0x0a0c

Device At PCI Bus 0x0 Device 0x4 Function 0x0:
	Vendor ID = 0x8086     DeviceID = 0x0a03

Device At PCI Bus 0x0 Device 0x14 Function 0x0:
	Vendor ID = 0x8086     DeviceID = 0x9c31

Device At PCI Bus 0x0 Device 0x16 Function 0x0:
	Vendor ID = 0x8086     DeviceID = 0x9c3a

Device At PCI Bus 0x0 Device 0x1b Function 0x0:
	Vendor ID = 0x8086     DeviceID = 0x9c20

Device At PCI Bus 0x0 Device 0x1c Function 0x0:
	Vendor ID = 0x8086     DeviceID = 0x9c10

Device At PCI Bus 0x0 Device 0x1c Function 0x2:
	Vendor ID = 0x8086     DeviceID = 0x9c14

Device At PCI Bus 0x0 Device 0x1c Function 0x3:
	Vendor ID = 0x8086     DeviceID = 0x9c16

Device At PCI Bus 0x0 Device 0x1c Function 0x4:
	Vendor ID = 0x8086     DeviceID = 0x9c18

Device At PCI Bus 0x0 Device 0x1d Function 0x0:
	Vendor ID = 0x8086     DeviceID = 0x9c26

Device At PCI Bus 0x0 Device 0x1f Function 0x0:
	Vendor ID = 0x8086     DeviceID = 0x9c43

Device At PCI Bus 0x0 Device 0x1f Function 0x2:
	Vendor ID = 0x8086     DeviceID = 0x9c03

Device At PCI Bus 0x0 Device 0x1f Function 0x3:
	Vendor ID = 0x8086     DeviceID = 0x9c22

Device At PCI Bus 0x0 Device 0x1f Function 0x6:
	Vendor ID = 0x8086     DeviceID = 0x9c24

Device At PCI Bus 0x2 Device 0x0 Function 0x0:
	Vendor ID = 0x10ec     DeviceID = 0x5289

Device At PCI Bus 0x2 Device 0x0 Function 0x2:
	Vendor ID = 0x10ec     DeviceID = 0x8168

Device At PCI Bus 0x3 Device 0x0 Function 0x0:
	Vendor ID = 0x14e4     DeviceID = 0x4365

// Cur/*	*/rent Time = Fri Dec 16 12:22:25 2016 SE Asia Standard Time

Computer Name = MRA
Number of Processors = 4

========== CPUID Info ==========

Processor 0:

Brand = Pentium II Model 5

Family = 6

Model = 5

Stepping = 1



 L1 Instr Cache Size = 0

 L1 Data Cache Size = 0

 L2 Cache Size = 262144

 L3 Cache Size = 0



 Feature flags:



	CPUID 00000001[edx]=0xbfcbfbff:



	fpu	: Processor supported	vme	: Processor supported
	de	: Processor supported	pse	: Processor supported
	msr	: Processor supported	pae	: Processor supported
	mce	: Processor supported	cx8	: Processor supported
	apic	: Processor supported	sep	: Processor supported
	mtrr	: Processor supported	pge	: Processor supported
	mca	: Processor supported	cmov	: Processor supported
	pat	: Processor supported	pse36	: Processor supported
	cflush	: Processor supported	ds	: No processor support
	acpi	: Processor supported	mmx	: Processor supported
	fxsr	: Processor supported	sse1	: Processor supported
	sse2	: Processor supported	ss	: Processor supported
	htt	: Processor supported	tm	: Processor supported
	sbf	: Processor supported






	CPUID 00000001[ecx]=0xfed87383:



	tm2	: Processor supported	est	: Processor supported
	cid	: No processor support	sse3	: Processor supported






	CPUID 80000001[edx]=0x28100800:



	syscall	: Processor supported	nx	: Processor supported
	lm	: Processor supported

========== CPUID Info ==========

Processor 1:

Brand = Pentium II Model 5

Family = 6

Model = 5

Stepping = 1



 L1 Instr Cache Size = 0

 L1 Data Cache Size = 0

 L2 Cache Size = 262144

 L3 Cache Size = 0



 Feature flags:



	CPUID 00000001[edx]=0xbfcbfbff:



	fpu	: Processor supported	vme	: Processor supported
	de	: Processor supported	pse	: Processor supported
	msr	: Processor supported	pae	: Processor supported
	mce	: Processor supported	cx8	: Processor supported
	apic	: Processor supported	sep	: Processor supported
	mtrr	: Processor supported	pge	: Processor supported
	mca	: Processor supported	cmov	: Processor supported
	pat	: Processor supported	pse36	: Processor supported
	cflush	: Processor supported	ds	: No processor support
	acpi	: Processor supported	mmx	: Processor supported
	fxsr	: Processor supported	sse1	: Processor supported
	sse2	: Processor supported	ss	: Processor supported
	htt	: Processor supported	tm	: Processor supported
	sbf	: Processor supported






	CPUID 00000001[ecx]=0xfed87383:



	tm2	: Processor supported	est	: Processor supported
	cid	: No processor support	sse3	: Processor supported






	CPUID 80000001[edx]=0x28100800:



	syscall	: Processor supported	nx	: Processor supported
	lm	: Processor supported

========== CPUID Info ==========

Processor 2:

Brand = Pentium II Model 5

Family = 6

Model = 5

Stepping = 1



 L1 Instr Cache Size = 0

 L1 Data Cache Size = 0

 L2 Cache Size = 262144

 L3 Cache Size = 0



 Feature flags:



	CPUID 00000001[edx]=0xbfcbfbff:



	fpu	: Processor supported	vme	: Processor supported
	de	: Processor supported	pse	: Processor supported
	msr	: Processor supported	pae	: Processor supported
	mce	: Processor supported	cx8	: Processor supported
	apic	: Processor supported	sep	: Processor supported
	mtrr	: Processor supported	pge	: Processor supported
	mca	: Processor supported	cmov	: Processor supported
	pat	: Processor supported	pse36	: Processor supported
	cflush	: Processor supported	ds	: No processor support
	acpi	: Processor supported	mmx	: Processor supported
	fxsr	: Processor supported	sse1	: Processor supported
	sse2	: Processor supported	ss	: Processor supported
	htt	: Processor supported	tm	: Processor supported
	sbf	: Processor supported






	CPUID 00000001[ecx]=0xfed87383:



	tm2	: Processor supported	est	: Processor supported
	cid	: No processor support	sse3	: Processor supported






	CPUID 80000001[edx]=0x28100800:



	syscall	: Processor supported	nx	: Processor supported
	lm	: Processor supported

========== CPUID Info ==========

Processor 3:

Brand = Pentium II Model 5

Family = 6

Model = 5

Stepping = 1



 L1 Instr Cache Size = 0

 L1 Data Cache Size = 0

 L2 Cache Size = 262144

 L3 Cache Size = 0



 Feature flags:



	CPUID 00000001[edx]=0xbfcbfbff:



	fpu	: Processor supported	vme	: Processor supported
	de	: Processor supported	pse	: Processor supported
	msr	: Processor supported	pae	: Processor supported
	mce	: Processor supported	cx8	: Processor supported
	apic	: Processor supported	sep	: Processor supported
	mtrr	: Processor supported	pge	: Processor supported
	mca	: Processor supported	cmov	: Processor supported
	pat	: Processor supported	pse36	: Processor supported
	cflush	: Processor supported	ds	: No processor support
	acpi	: Processor supported	mmx	: Processor supported
	fxsr	: Processor supported	sse1	: Processor supported
	sse2	: Processor supported	ss	: Processor supported
	htt	: Processor supported	tm	: Processor supported
	sbf	: Processor supported






	CPUID 00000001[ecx]=0xfed87383:



	tm2	: Processor supported	est	: Processor supported
	cid	: No processor support	sse3	: Processor supported






	CPUID 80000001[edx]=0x28100800:



	syscall	: Processor supported	nx	: Processor supported
	lm	: Processor supported

========== Operating System Information ==========

Microsoft  , Build 9200
========== Motherboard Information ==========

Motherboard Vendor:	Not reported
Motherboard Version:	Not reported
Motherboard Model:	Not reported

========== DirectX version Information ==========

DirectX 11.0 (6.3.9600.16384)

========== Driver Version Information ==========

Nforce Driver Package version	Not reported
Audio Driver		Not reported
GART Driver		Not reported
Graphics Driver		376.19 (21.21.13.7619)
Ethernet Driver		Not reported
IDE Driver		Not reported
nTune	6.05.30

========== Processor, Bus, and Memory Speed Information ==========

CPU Speed = 4782.644
CPU Multiplier = 1.000   
FSB Frequency = 0
Memory Frequency = 0.000   
AGP Frequency = 0

========== GeForce Information ==========

GPU 1: GeForce 820M
GPU 1 Video BIOS version: 75.17.7c.00.0e

========== GPU's Core and Memory Speed Information ==========


GPU Core Speed = 732
GPU Memory Speed = 900

GPU Shader Clock Speed = 1464

========== System Voltage Information ==========


========== Processor and System's Temperature Information ==========

CPU Temperature = Not Reported
System Temperature = Not Reported
GPU 0 Temperature = 54 C

========== Memory SPD Information ==========

Memory Dimm 0 (0x50)	Memory not present
Memory Dimm 1 (0x51)	Memory not present
Memory Dimm 2 (0x52)	Memory not present
Memory Dimm 3 (0x53)	Memory not present
Memory Dimm 4 (0x54)	Memory not present
Memory Dimm 5 (0x55)	Memory not present
Memory Dimm 6 (0x56)	Memory not present
Memory Dimm 7 (0x57)	Memory not present
========== NVIDIA PCI Device Information ==========


NVIDIA Device At PCI Bus 0x4 Device 0x0 Function 0x0:
	Vendor ID = 0x10de     DeviceID = 0x1140

	PCI Config Space Register Value for This Device

	PCI Address     Reg Value
	0x80040000     0x114010de
	0x80040004     0x00100007
	0x80040008     0x030200a1
	0x8004000c     0x00000010
	0x80040010     0xf6000000
	0x80040014     0xe000000c
	0x80040018     0x00000000
	0x8004001c     0xf000000c
	0x80040020     0x00000000
	0x80040024     0x0000d001
	0x80040028     0x00000000
	0x8004002c     0x228a1043
	0x80040030     0x00000000
	0x80040034     0x00000060
	0x80040038     0x00000000
	0x8004003c     0x00000110
	0x80040040     0x228a1043
	0x80040044     0x00000000
	0x80040048     0x00000000
	0x8004004c     0x00000000
	0x80040050     0x00000001
	0x80040054     0x00000001
	0x80040058     0x0023d6ce
	0x8004005c     0x00000000
	0x80040060     0x00036801
	0x80040064     0x00000008
	0x80040068     0x00807805
	0x8004006c     0x00000000
	0x80040070     0x00000000
	0x80040074     0x00000000
	0x80040078     0x0002b410
	0x8004007c     0x07e88de1
	0x80040080     0x00002910
	0x80040084     0x00453c82
	0x80040088     0x10420140
	0x8004008c     0x00000000
	0x80040090     0x00000000
	0x80040094     0x00000000
	0x80040098     0x00000000
	0x8004009c     0x00000013
	0x800400a0     0x00000000
	0x800400a4     0x00000000
	0x800400a8     0x00000002
	0x800400ac     0x00000000
	0x800400b0     0x00000000
	0x800400b4     0x01140009
	0x800400b8     0x00000000
	0x800400bc     0x00000000
	0x800400c0     0x00000000
	0x800400c4     0x00000000
	0x800400c8     0x00000000
	0x800400cc     0x00000000
	0x800400d0     0x00000000
	0x800400d4     0x00000000
	0x800400d8     0x00000000
	0x800400dc     0x00000000
	0x800400e0     0x00000000
	0x800400e4     0x00000000
	0x800400e8     0x00000000
	0x800400ec     0x00000000
	0x800400f0     0x00000000
	0x800400f4     0x00000000
	0x800400f8     0x00000000
	0x800400fc     0x00000000

========== Other PCI Device Information ==========


Device At PCI Bus 0x0 Device 0x0 Function 0x0:
	Vendor ID = 0x8086     DeviceID = 0x0a04

Device At PCI Bus 0x0 Device 0x2 Function 0x0:
	Vendor ID = 0x8086     DeviceID = 0x0a16

Device At PCI Bus 0x0 Device 0x3 Function 0x0:
	Vendor ID = 0x8086     DeviceID = 0x0a0c

Device At PCI Bus 0x0 Device 0x4 Function 0x0:
	Vendor ID = 0x8086     DeviceID = 0x0a03

Device At PCI Bus 0x0 Device 0x14 Function 0x0:
	Vendor ID = 0x8086     DeviceID = 0x9c31

Device At PCI Bus 0x0 Device 0x16 Function 0x0:
	Vendor ID = 0x8086     DeviceID = 0x9c3a

Device At PCI Bus 0x0 Device 0x1b Function 0x0:
	Vendor ID = 0x8086     DeviceID = 0x9c20

Device At PCI Bus 0x0 Device 0x1c Function 0x0:
	Vendor ID = 0x8086     DeviceID = 0x9c10

Device At PCI Bus 0x0 Device 0x1c Function 0x2:
	Vendor ID = 0x8086     DeviceID = 0x9c14

Device At PCI Bus 0x0 Device 0x1c Function 0x3:
	Vendor ID = 0x8086     DeviceID = 0x9c16

Device At PCI Bus 0x0 Device 0x1c Function 0x4:
	Vendor ID = 0x8086     DeviceID = 0x9c18

Device At PCI Bus 0x0 Device 0x1d Function 0x0:
	Vendor ID = 0x8086     DeviceID = 0x9c26

Device At PCI Bus 0x0 Device 0x1f Function 0x0:
	Vendor ID = 0x8086     DeviceID = 0x9c43

Device At PCI Bus 0x0 Device 0x1f Function 0x2:
	Vendor ID = 0x8086     DeviceID = 0x9c03

Device At PCI Bus 0x0 Device 0x1f Function 0x3:
	Vendor ID = 0x8086     DeviceID = 0x9c22

Device At PCI Bus 0x0 Device 0x1f Function 0x6:
	Vendor ID = 0x8086     DeviceID = 0x9c24

Device At PCI Bus 0x2 Device 0x0 Function 0x0:
	Vendor ID = 0x10ec     DeviceID = 0x5289

Device At PCI Bus 0x2 Device 0x0 Function 0x2:
	Vendor ID = 0x10ec     DeviceID = 0x8168

Device At PCI Bus 0x3 Device 0x0 Function 0x0:
	Vendor ID = 0x14e4     DeviceID = 0x4365

// Cur/*	*/rent Time = Fri Dec 16 12:22:25 2016 SE Asia Standard Time

Computer Name = MRA
Number of Processors = 4

========== CPUID Info ==========

Processor 0:

Brand = Pentium II Model 5

Family = 6

Model = 5

Stepping = 1



 L1 Instr Cache Size = 0

 L1 Data Cache Size = 0

 L2 Cache Size = 262144

 L3 Cache Size = 0



 Feature flags:



	CPUID 00000001[edx]=0xbfcbfbff:



	fpu	: Processor supported	vme	: Processor supported
	de	: Processor supported	pse	: Processor supported
	msr	: Processor supported	pae	: Processor supported
	mce	: Processor supported	cx8	: Processor supported
	apic	: Processor supported	sep	: Processor supported
	mtrr	: Processor supported	pge	: Processor supported
	mca	: Processor supported	cmov	: Processor supported
	pat	: Processor supported	pse36	: Processor supported
	cflush	: Processor supported	ds	: No processor support
	acpi	: Processor supported	mmx	: Processor supported
	fxsr	: Processor supported	sse1	: Processor supported
	sse2	: Processor supported	ss	: Processor supported
	htt	: Processor supported	tm	: Processor supported
	sbf	: Processor supported






	CPUID 00000001[ecx]=0xfed87383:



	tm2	: Processor supported	est	: Processor supported
	cid	: No processor support	sse3	: Processor supported






	CPUID 80000001[edx]=0x28100800:



	syscall	: Processor supported	nx	: Processor supported
	lm	: Processor supported

========== CPUID Info ==========

Processor 1:

Brand = Pentium II Model 5

Family = 6

Model = 5

Stepping = 1



 L1 Instr Cache Size = 0

 L1 Data Cache Size = 0

 L2 Cache Size = 262144

 L3 Cache Size = 0



 Feature flags:



	CPUID 00000001[edx]=0xbfcbfbff:



	fpu	: Processor supported	vme	: Processor supported
	de	: Processor supported	pse	: Processor supported
	msr	: Processor supported	pae	: Processor supported
	mce	: Processor supported	cx8	: Processor supported
	apic	: Processor supported	sep	: Processor supported
	mtrr	: Processor supported	pge	: Processor supported
	mca	: Processor supported	cmov	: Processor supported
	pat	: Processor supported	pse36	: Processor supported
	cflush	: Processor supported	ds	: No processor support
	acpi	: Processor supported	mmx	: Processor supported
	fxsr	: Processor supported	sse1	: Processor supported
	sse2	: Processor supported	ss	: Processor supported
	htt	: Processor supported	tm	: Processor supported
	sbf	: Processor supported






	CPUID 00000001[ecx]=0xfed87383:



	tm2	: Processor supported	est	: Processor supported
	cid	: No processor support	sse3	: Processor supported






	CPUID 80000001[edx]=0x28100800:



	syscall	: Processor supported	nx	: Processor supported
	lm	: Processor supported

========== CPUID Info ==========

Processor 2:

Brand = Pentium II Model 5

Family = 6

Model = 5

Stepping = 1



 L1 Instr Cache Size = 0

 L1 Data Cache Size = 0

 L2 Cache Size = 262144

 L3 Cache Size = 0



 Feature flags:



	CPUID 00000001[edx]=0xbfcbfbff:



	fpu	: Processor supported	vme	: Processor supported
	de	: Processor supported	pse	: Processor supported
	msr	: Processor supported	pae	: Processor supported
	mce	: Processor supported	cx8	: Processor supported
	apic	: Processor supported	sep	: Processor supported
	mtrr	: Processor supported	pge	: Processor supported
	mca	: Processor supported	cmov	: Processor supported
	pat	: Processor supported	pse36	: Processor supported
	cflush	: Processor supported	ds	: No processor support
	acpi	: Processor supported	mmx	: Processor supported
	fxsr	: Processor supported	sse1	: Processor supported
	sse2	: Processor supported	ss	: Processor supported
	htt	: Processor supported	tm	: Processor supported
	sbf	: Processor supported






	CPUID 00000001[ecx]=0xfed87383:



	tm2	: Processor supported	est	: Processor supported
	cid	: No processor support	sse3	: Processor supported






	CPUID 80000001[edx]=0x28100800:



	syscall	: Processor supported	nx	: Processor supported
	lm	: Processor supported

========== CPUID Info ==========

Processor 3:

Brand = Pentium II Model 5

Family = 6

Model = 5

Stepping = 1



 L1 Instr Cache Size = 0

 L1 Data Cache Size = 0

 L2 Cache Size = 262144

 L3 Cache Size = 0



 Feature flags:



	CPUID 00000001[edx]=0xbfcbfbff:



	fpu	: Processor supported	vme	: Processor supported
	de	: Processor supported	pse	: Processor supported
	msr	: Processor supported	pae	: Processor supported
	mce	: Processor supported	cx8	: Processor supported
	apic	: Processor supported	sep	: Processor supported
	mtrr	: Processor supported	pge	: Processor supported
	mca	: Processor supported	cmov	: Processor supported
	pat	: Processor supported	pse36	: Processor supported
	cflush	: Processor supported	ds	: No processor support
	acpi	: Processor supported	mmx	: Processor supported
	fxsr	: Processor supported	sse1	: Processor supported
	sse2	: Processor supported	ss	: Processor supported
	htt	: Processor supported	tm	: Processor supported
	sbf	: Processor supported






	CPUID 00000001[ecx]=0xfed87383:



	tm2	: Processor supported	est	: Processor supported
	cid	: No processor support	sse3	: Processor supported






	CPUID 80000001[edx]=0x28100800:



	syscall	: Processor supported	nx	: Processor supported
	lm	: Processor supported

========== Operating System Information ==========

Microsoft  , Build 9200
========== Motherboard Information ==========

Motherboard Vendor:	Not reported
Motherboard Version:	Not reported
Motherboard Model:	Not reported

========== DirectX version Information ==========

DirectX 11.0 (6.3.9600.16384)

========== Driver Version Information ==========

Nforce Driver Package version	Not reported
Audio Driver		Not reported
GART Driver		Not reported
Graphics Driver		376.19 (21.21.13.7619)
Ethernet Driver		Not reported
IDE Driver		Not reported
nTune	6.05.30

========== Processor, Bus, and Memory Speed Information ==========

CPU Speed = 4782.644
CPU Multiplier = 1.000   
FSB Frequency = 0
Memory Frequency = 0.000   
AGP Frequency = 0

========== GeForce Information ==========

GPU 1: GeForce 820M
GPU 1 Video BIOS version: 75.17.7c.00.0e

========== GPU's Core and Memory Speed Information ==========


GPU Core Speed = 732
GPU Memory Speed = 900

GPU Shader Clock Speed = 1464

========== System Voltage Information ==========


========== Processor and System's Temperature Information ==========

CPU Temperature = Not Reported
System Temperature = Not Reported
GPU 0 Temperature = 54 C

========== Memory SPD Information ==========

Memory Dimm 0 (0x50)	Memory not present
Memory Dimm 1 (0x51)	Memory not present
Memory Dimm 2 (0x52)	Memory not present
Memory Dimm 3 (0x53)	Memory not present
Memory Dimm 4 (0x54)	Memory not present
Memory Dimm 5 (0x55)	Memory not present
Memory Dimm 6 (0x56)	Memory not present
Memory Dimm 7 (0x57)	Memory not present
========== NVIDIA PCI Device Information ==========


NVIDIA Device At PCI Bus 0x4 Device 0x0 Function 0x0:
	Vendor ID = 0x10de     DeviceID = 0x1140

	PCI Config Space Register Value for This Device

	PCI Address     Reg Value
	0x80040000     0x114010de
	0x80040004     0x00100007
	0x80040008     0x030200a1
	0x8004000c     0x00000010
	0x80040010     0xf6000000
	0x80040014     0xe000000c
	0x80040018     0x00000000
	0x8004001c     0xf000000c
	0x80040020     0x00000000
	0x80040024     0x0000d001
	0x80040028     0x00000000
	0x8004002c     0x228a1043
	0x80040030     0x00000000
	0x80040034     0x00000060
	0x80040038     0x00000000
	0x8004003c     0x00000110
	0x80040040     0x228a1043
	0x80040044     0x00000000
	0x80040048     0x00000000
	0x8004004c     0x00000000
	0x80040050     0x00000001
	0x80040054     0x00000001
	0x80040058     0x0023d6ce
	0x8004005c     0x00000000
	0x80040060     0x00036801
	0x80040064     0x00000008
	0x80040068     0x00807805
	0x8004006c     0x00000000
	0x80040070     0x00000000
	0x80040074     0x00000000
	0x80040078     0x0002b410
	0x8004007c     0x07e88de1
	0x80040080     0x00002910
	0x80040084     0x00453c82
	0x80040088     0x10420140
	0x8004008c     0x00000000
	0x80040090     0x00000000
	0x80040094     0x00000000
	0x80040098     0x00000000
	0x8004009c     0x00000013
	0x800400a0     0x00000000
	0x800400a4     0x00000000
	0x800400a8     0x00000002
	0x800400ac     0x00000000
	0x800400b0     0x00000000
	0x800400b4     0x01140009
	0x800400b8     0x00000000
	0x800400bc     0x00000000
	0x800400c0     0x00000000
	0x800400c4     0x00000000
	0x800400c8     0x00000000
	0x800400cc     0x00000000
	0x800400d0     0x00000000
	0x800400d4     0x00000000
	0x800400d8     0x00000000
	0x800400dc     0x00000000
	0x800400e0     0x00000000
	0x800400e4     0x00000000
	0x800400e8     0x00000000
	0x800400ec     0x00000000
	0x800400f0     0x00000000
	0x800400f4     0x00000000
	0x800400f8     0x00000000
	0x800400fc     0x00000000

========== Other PCI Device Information ==========


Device At PCI Bus 0x0 Device 0x0 Function 0x0:
	Vendor ID = 0x8086     DeviceID = 0x0a04

Device At PCI Bus 0x0 Device 0x2 Function 0x0:
	Vendor ID = 0x8086     DeviceID = 0x0a16

Device At PCI Bus 0x0 Device 0x3 Function 0x0:
	Vendor ID = 0x8086     DeviceID = 0x0a0c

Device At PCI Bus 0x0 Device 0x4 Function 0x0:
	Vendor ID = 0x8086     DeviceID = 0x0a03

Device At PCI Bus 0x0 Device 0x14 Function 0x0:
	Vendor ID = 0x8086     DeviceID = 0x9c31

Device At PCI Bus 0x0 Device 0x16 Function 0x0:
	Vendor ID = 0x8086     DeviceID = 0x9c3a

Device At PCI Bus 0x0 Device 0x1b Function 0x0:
	Vendor ID = 0x8086     DeviceID = 0x9c20

Device At PCI Bus 0x0 Device 0x1c Function 0x0:
	Vendor ID = 0x8086     DeviceID = 0x9c10

Device At PCI Bus 0x0 Device 0x1c Function 0x2:
	Vendor ID = 0x8086     DeviceID = 0x9c14

Device At PCI Bus 0x0 Device 0x1c Function 0x3:
	Vendor ID = 0x8086     DeviceID = 0x9c16

Device At PCI Bus 0x0 Device 0x1c Function 0x4:
	Vendor ID = 0x8086     DeviceID = 0x9c18

Device At PCI Bus 0x0 Device 0x1d Function 0x0:
	Vendor ID = 0x8086     DeviceID = 0x9c26

Device At PCI Bus 0x0 Device 0x1f Function 0x0:
	Vendor ID = 0x8086     DeviceID = 0x9c43

Device At PCI Bus 0x0 Device 0x1f Function 0x2:
	Vendor ID = 0x8086     DeviceID = 0x9c03

Device At PCI Bus 0x0 Device 0x1f Function 0x3:
	Vendor ID = 0x8086     DeviceID = 0x9c22

Device At PCI Bus 0x0 Device 0x1f Function 0x6:
	Vendor ID = 0x8086     DeviceID = 0x9c24

Device At PCI Bus 0x2 Device 0x0 Function 0x0:
	Vendor ID = 0x10ec     DeviceID = 0x5289

Device At PCI Bus 0x2 Device 0x0 Function 0x2:
	Vendor ID = 0x10ec     DeviceID = 0x8168

Device At PCI Bus 0x3 Device 0x0 Function 0x0:
	Vendor ID = 0x14e4     DeviceID = 0x4365

